Feb-13 00:22:15.007 [main] DEBUG nextflow.cli.Launcher - $> nextflow run lek_anirban.nf -profile singularity
Feb-13 00:22:15.191 [main] INFO  nextflow.cli.CmdRun - N E X T F L O W  ~  version 21.10.6
Feb-13 00:22:15.279 [main] INFO  nextflow.cli.CmdRun - Launching `lek_anirban.nf` [kickass_liskov] - revision: 5931e45ad2
Feb-13 00:22:15.311 [main] DEBUG nextflow.config.ConfigBuilder - Found config local: /home/cq/Anirban/NGS/Nextflow/Task/nextflow.config
Feb-13 00:22:15.312 [main] DEBUG nextflow.config.ConfigBuilder - Parsing config file: /home/cq/Anirban/NGS/Nextflow/Task/nextflow.config
Feb-13 00:22:15.346 [main] DEBUG nextflow.config.ConfigBuilder - Applying config profile: `singularity`
Feb-13 00:22:16.332 [main] DEBUG nextflow.config.ConfigBuilder - Available config profiles: [singularity]
Feb-13 00:22:16.388 [main] DEBUG nextflow.plugin.PluginsFacade - Setting up plugin manager > mode=prod; plugins-dir=/home/cq/.nextflow/plugins
Feb-13 00:22:16.393 [main] DEBUG nextflow.plugin.PluginsFacade - Plugins default=[]
Feb-13 00:22:16.412 [main] INFO  org.pf4j.DefaultPluginStatusProvider - Enabled plugins: []
Feb-13 00:22:16.413 [main] INFO  org.pf4j.DefaultPluginStatusProvider - Disabled plugins: []
Feb-13 00:22:16.417 [main] INFO  org.pf4j.DefaultPluginManager - PF4J version 3.4.1 in 'deployment' mode
Feb-13 00:22:16.438 [main] INFO  org.pf4j.AbstractPluginManager - No plugins
Feb-13 00:22:16.557 [main] DEBUG nextflow.Session - Session uuid: 0077e032-1cf8-48f8-9d9d-85a59fdca08a
Feb-13 00:22:16.563 [main] DEBUG nextflow.Session - Run name: kickass_liskov
Feb-13 00:22:16.564 [main] DEBUG nextflow.Session - Executor pool size: 4
Feb-13 00:22:16.672 [main] DEBUG nextflow.cli.CmdRun - 
  Version: 21.10.6 build 5660
  Created: 21-12-2021 16:55 UTC (17:55 CEST)
  System: Linux 5.15.0-60-generic
  Runtime: Groovy 3.0.9 on OpenJDK 64-Bit Server VM 11.0.17+8-post-Ubuntu-1ubuntu222.04
  Encoding: UTF-8 (UTF-8)
  Process: 2845@bioinfobox [127.0.1.1]
  CPUs: 4 - Mem: 1.9 GB (73.4 MB) - Swap: 923.3 MB (919.5 MB)
Feb-13 00:22:16.739 [main] DEBUG nextflow.Session - Work-dir: /home/cq/Anirban/NGS/Nextflow/Task/work [ext2/ext3]
Feb-13 00:22:16.739 [main] DEBUG nextflow.Session - Script base path does not exist or is not a directory: /home/cq/Anirban/NGS/Nextflow/Task/bin
Feb-13 00:22:16.756 [main] DEBUG nextflow.executor.ExecutorFactory - Extension executors providers=[]
Feb-13 00:22:16.803 [main] DEBUG nextflow.Session - Observer factory: DefaultObserverFactory
Feb-13 00:22:16.898 [main] DEBUG nextflow.util.CustomThreadPool - Creating default thread pool > poolSize: 5; maxThreads: 1000
Feb-13 00:22:17.065 [main] DEBUG nextflow.Session - Session start invoked
Feb-13 00:22:17.674 [main] DEBUG nextflow.script.ScriptRunner - > Launching execution
Feb-13 00:22:17.799 [main] DEBUG nextflow.executor.ExecutorFactory - << taskConfig executor: null
Feb-13 00:22:17.800 [main] DEBUG nextflow.executor.ExecutorFactory - >> processorType: 'local'
Feb-13 00:22:17.806 [main] DEBUG nextflow.executor.Executor - [warm up] executor > local
Feb-13 00:22:17.813 [main] DEBUG n.processor.LocalPollingMonitor - Creating local task monitor for executor 'local' > cpus=4; memory=1.9 GB; capacity=4; pollInterval=100ms; dumpInterval=5m
Feb-13 00:22:17.864 [main] DEBUG nextflow.util.CustomThreadPool - Creating default thread pool > poolSize: 5; maxThreads: 1000
Feb-13 00:22:18.039 [main] DEBUG nextflow.executor.ExecutorFactory - << taskConfig executor: null
Feb-13 00:22:18.039 [main] DEBUG nextflow.executor.ExecutorFactory - >> processorType: 'local'
Feb-13 00:22:18.051 [main] DEBUG nextflow.executor.ExecutorFactory - << taskConfig executor: null
Feb-13 00:22:18.052 [main] DEBUG nextflow.executor.ExecutorFactory - >> processorType: 'local'
Feb-13 00:22:18.058 [main] DEBUG nextflow.executor.ExecutorFactory - << taskConfig executor: null
Feb-13 00:22:18.058 [main] DEBUG nextflow.executor.ExecutorFactory - >> processorType: 'local'
Feb-13 00:22:18.061 [main] DEBUG nextflow.Session - Workflow process names [dsl2]: downloadFile, combinefastafiles, trimal, mafft
Feb-13 00:22:18.065 [main] DEBUG nextflow.Session - Ignite dataflow network (4)
Feb-13 00:22:18.065 [main] DEBUG nextflow.processor.TaskProcessor - Starting process > downloadFile
Feb-13 00:22:18.067 [main] DEBUG nextflow.processor.TaskProcessor - Starting process > combinefastafiles
Feb-13 00:22:18.070 [main] DEBUG nextflow.processor.TaskProcessor - Starting process > mafft
Feb-13 00:22:18.076 [main] DEBUG nextflow.processor.TaskProcessor - Starting process > trimal
Feb-13 00:22:18.084 [main] DEBUG nextflow.script.ScriptRunner - > Await termination 
Feb-13 00:22:18.085 [main] DEBUG nextflow.Session - Session await
Feb-13 00:22:18.467 [Task submitter] DEBUG nextflow.executor.LocalTaskHandler - Launch cmd line: /bin/bash -ue .command.run
Feb-13 00:22:18.496 [Task submitter] INFO  nextflow.Session - [8c/55cb93] Submitted process > downloadFile
Feb-13 00:22:19.423 [Task monitor] DEBUG n.processor.TaskPollingMonitor - Task completed > TaskHandler[id: 1; name: downloadFile; status: COMPLETED; exit: 0; error: -; workDir: /home/cq/Anirban/NGS/Nextflow/Task/work/8c/55cb936e6019130613831b11a915a6]
Feb-13 00:22:19.513 [Task monitor] DEBUG n.util.BlockingThreadExecutorFactory - Thread pool name=FileTransfer; maxThreads=12; maxQueueSize=36; keepAlive=1m
Feb-13 00:22:19.527 [Actor Thread 1] DEBUG nextflow.processor.TaskProcessor - Process `combinefastafiles` is unable to find [UnixPath]: `/home/cq/Anirban/NGS/Nextflow/Task/cache/combined.fasta` (pattern: `combined.fasta`)
Feb-13 00:22:19.562 [Task submitter] DEBUG nextflow.executor.LocalTaskHandler - Launch cmd line: /bin/bash -ue .command.run
Feb-13 00:22:19.563 [Task submitter] INFO  nextflow.Session - [df/05d642] Submitted process > combinefastafiles
Feb-13 00:22:19.664 [Task monitor] DEBUG n.processor.TaskPollingMonitor - Task completed > TaskHandler[id: 2; name: combinefastafiles; status: COMPLETED; exit: 0; error: -; workDir: /home/cq/Anirban/NGS/Nextflow/Task/work/df/05d6426966fbda59cb45886b18f767]
Feb-13 00:22:19.711 [Actor Thread 4] INFO  nextflow.container.SingularityCache - Pulling Singularity image https://depot.galaxyproject.org/singularity/mafft%3A7.515--hec16e2b_0 [cache /home/cq/Anirban/NGS/Nextflow/Task/singularity_containers/depot.galaxyproject.org-singularity-mafft%3A7.515--hec16e2b_0.img]
Feb-13 00:22:21.346 [Actor Thread 4] DEBUG nextflow.container.SingularityCache - Singularity pull complete image=https://depot.galaxyproject.org/singularity/mafft%3A7.515--hec16e2b_0 path=/home/cq/Anirban/NGS/Nextflow/Task/singularity_containers/depot.galaxyproject.org-singularity-mafft%3A7.515--hec16e2b_0.img
Feb-13 00:22:21.382 [Task submitter] DEBUG nextflow.executor.LocalTaskHandler - Launch cmd line: /bin/bash -ue .command.run
Feb-13 00:22:21.385 [Task submitter] INFO  nextflow.Session - [bb/8f727b] Submitted process > mafft
Feb-13 00:22:22.353 [Task monitor] DEBUG n.processor.TaskPollingMonitor - Task completed > TaskHandler[id: 3; name: mafft; status: COMPLETED; exit: 0; error: -; workDir: /home/cq/Anirban/NGS/Nextflow/Task/work/bb/8f727b0f70a0ee7584ac91110c1651]
Feb-13 00:22:22.366 [Actor Thread 4] INFO  nextflow.container.SingularityCache - Pulling Singularity image https://depot.galaxyproject.org/singularity/trimal%3A1.4.1--h9f5acd7_6 [cache /home/cq/Anirban/NGS/Nextflow/Task/singularity_containers/depot.galaxyproject.org-singularity-trimal%3A1.4.1--h9f5acd7_6.img]
Feb-13 00:22:23.208 [Actor Thread 4] DEBUG nextflow.container.SingularityCache - Singularity pull complete image=https://depot.galaxyproject.org/singularity/trimal%3A1.4.1--h9f5acd7_6 path=/home/cq/Anirban/NGS/Nextflow/Task/singularity_containers/depot.galaxyproject.org-singularity-trimal%3A1.4.1--h9f5acd7_6.img
Feb-13 00:22:23.224 [Task submitter] DEBUG nextflow.executor.LocalTaskHandler - Launch cmd line: /bin/bash -ue .command.run
Feb-13 00:22:23.225 [Task submitter] INFO  nextflow.Session - [a9/fd1456] Submitted process > trimal
Feb-13 00:22:23.606 [Task monitor] DEBUG n.processor.TaskPollingMonitor - Task completed > TaskHandler[id: 4; name: trimal; status: COMPLETED; exit: 0; error: -; workDir: /home/cq/Anirban/NGS/Nextflow/Task/work/a9/fd14563226c7f42e109f8eaba973ea]
Feb-13 00:22:23.644 [main] DEBUG nextflow.Session - Session await > all process finished
Feb-13 00:22:23.647 [main] DEBUG nextflow.Session - Session await > all barriers passed
Feb-13 00:22:23.671 [main] DEBUG nextflow.trace.WorkflowStatsObserver - Workflow completed > WorkflowStats[succeededCount=4; failedCount=0; ignoredCount=0; cachedCount=0; pendingCount=0; submittedCount=0; runningCount=0; retriesCount=0; abortedCount=0; succeedDuration=2.2s; failedDuration=0ms; cachedDuration=0ms;loadCpus=0; loadMemory=0; peakRunning=1; peakCpus=1; peakMemory=0; ]
Feb-13 00:22:23.966 [main] DEBUG nextflow.CacheDB - Closing CacheDB done
Feb-13 00:22:23.983 [main] DEBUG nextflow.script.ScriptRunner - > Execution complete -- Goodbye
